<?xml version="1.0" encoding="UTF-8"?>
<!-- Generated by org.testng.reporters.JUnitReportReporter -->
<testsuite hostname="PANJI9" failures="0" tests="1" name="com.day21.Demo1" time="14.407" errors="0" timestamp="16 Aug 2021 14:23:52 GMT" skipped="0">
  <testcase classname="com.day21.Demo1" name="testBrowser" time="14.407"/>
</testsuite> <!-- com.day21.Demo1 -->
