<?xml version="1.0" encoding="UTF-8"?>
<!-- Generated by org.testng.reporters.JUnitReportReporter -->
<testsuite hostname="PANJI9" failures="0" tests="1" name="com.scripts.Test1" time="11.773" errors="0" timestamp="18 Aug 2021 15:23:15 GMT" skipped="0">
  <testcase classname="com.scripts.Test1" name="test" time="11.773"/>
</testsuite> <!-- com.scripts.Test1 -->
